<?xml version="1.0" encoding="UTF-8"?>
<!-- Generated by org.testng.reporters.JUnitReportReporter -->
<testsuite skipped="0" hostname="DELL-PC" name="com.hybrid.pageObject.MainPage" tests="1" failures="0" timestamp="2020-07-11T09:28:16 IST" time="44.966" errors="0">
  <testcase name="login" time="44.966" classname="com.hybrid.pageObject.MainPage"/>
  <system-out/>
</testsuite> <!-- com.hybrid.pageObject.MainPage -->
