<?xml version="1.0" encoding="UTF-8"?>
<!-- Generated by org.testng.reporters.JUnitReportReporter -->
<testsuite skipped="0" hostname="DELL-PC" name="com.hybrid.pageObjmodel2.MainPage2" tests="1" failures="0" timestamp="2020-07-02T16:55:10 IST" time="20.509" errors="0">
  <testcase name="login" time="20.509" classname="com.hybrid.pageObjmodel2.MainPage2"/>
  <system-out/>
</testsuite> <!-- com.hybrid.pageObjmodel2.MainPage2 -->
